{"C:\\Users\\benja\\Desktop\\Clases\\FullStack3\\ExpressGateway\\api-gateway\\server.js": {"path":"C:\\Users\\benja\\Desktop\\Clases\\FullStack3\\ExpressGateway\\api-gateway\\server.js","statementMap":{"0":{"start":{"line":1,"column":13},"end":{"line":1,"column":28}},"1":{"start":{"line":2,"column":16},"end":{"line":2,"column":42}},"2":{"start":{"line":5,"column":0},"end":{"line":5,"column":59}},"3":{"start":{"line":7,"column":0},"end":{"line":9,"column":9}}},"fnMap":{},"branchMap":{},"s":{"0":1,"1":1,"2":1,"3":1},"f":{},"b":{},"_coverageSchema":"1a1c01bbd47fc00a2c39e90264f33305004495a9","hash":"07c30d3cdc59e3ea74e8be70222f4f20d1f3ef9f"}
,"C:\\Users\\benja\\Desktop\\Clases\\FullStack3\\ExpressGateway\\api-gateway\\plugins\\circuit-breaker\\index.js": {"path":"C:\\Users\\benja\\Desktop\\Clases\\FullStack3\\ExpressGateway\\api-gateway\\plugins\\circuit-breaker\\index.js","statementMap":{"0":{"start":{"line":2,"column":23},"end":{"line":2,"column":41}},"1":{"start":{"line":3,"column":14},"end":{"line":3,"column":30}},"2":{"start":{"line":6,"column":23},"end":{"line":10,"column":1}},"3":{"start":{"line":13,"column":20},"end":{"line":22,"column":1}},"4":{"start":{"line":14,"column":19},"end":{"line":20,"column":4}},"5":{"start":{"line":19,"column":26},"end":{"line":19,"column":30}},"6":{"start":{"line":21,"column":2},"end":{"line":21,"column":18}},"7":{"start":{"line":25,"column":16},"end":{"line":25,"column":63}},"8":{"start":{"line":28,"column":0},"end":{"line":30,"column":3}},"9":{"start":{"line":29,"column":2},"end":{"line":29,"column":83}},"10":{"start":{"line":33,"column":0},"end":{"line":59,"column":2}},"11":{"start":{"line":37,"column":4},"end":{"line":57,"column":7}},"12":{"start":{"line":40,"column":8},"end":{"line":55,"column":10}},"13":{"start":{"line":41,"column":10},"end":{"line":54,"column":11}},"14":{"start":{"line":43,"column":27},"end":{"line":43,"column":75}},"15":{"start":{"line":46,"column":12},"end":{"line":46,"column":36}},"16":{"start":{"line":47,"column":12},"end":{"line":47,"column":56}},"17":{"start":{"line":50,"column":12},"end":{"line":53,"column":15}}},"fnMap":{"0":{"name":"(anonymous_0)","decl":{"start":{"line":13,"column":20},"end":{"line":13,"column":21}},"loc":{"start":{"line":13,"column":46},"end":{"line":22,"column":1}},"line":13},"1":{"name":"(anonymous_1)","decl":{"start":{"line":19,"column":20},"end":{"line":19,"column":21}},"loc":{"start":{"line":19,"column":26},"end":{"line":19,"column":30}},"line":19},"2":{"name":"(anonymous_2)","decl":{"start":{"line":28,"column":17},"end":{"line":28,"column":18}},"loc":{"start":{"line":28,"column":23},"end":{"line":30,"column":1}},"line":28},"3":{"name":"(anonymous_3)","decl":{"start":{"line":36,"column":8},"end":{"line":36,"column":9}},"loc":{"start":{"line":36,"column":33},"end":{"line":58,"column":3}},"line":36},"4":{"name":"(anonymous_4)","decl":{"start":{"line":39,"column":14},"end":{"line":39,"column":15}},"loc":{"start":{"line":39,"column":32},"end":{"line":56,"column":7}},"line":39},"5":{"name":"(anonymous_5)","decl":{"start":{"line":40,"column":15},"end":{"line":40,"column":16}},"loc":{"start":{"line":40,"column":41},"end":{"line":55,"column":9}},"line":40}},"branchMap":{},"s":{"0":1,"1":1,"2":1,"3":1,"4":2,"5":3,"6":2,"7":1,"8":1,"9":1,"10":1,"11":1,"12":2,"13":2,"14":2,"15":1,"16":1,"17":1},"f":{"0":2,"1":3,"2":1,"3":1,"4":2,"5":2},"b":{},"_coverageSchema":"1a1c01bbd47fc00a2c39e90264f33305004495a9","hash":"025725d3105ba4b6e5baae270fa0f203ccbfeb3e"}
,"C:\\Users\\benja\\Desktop\\Clases\\FullStack3\\ExpressGateway\\api-gateway\\plugins\\health\\index.js": {"path":"C:\\Users\\benja\\Desktop\\Clases\\FullStack3\\ExpressGateway\\api-gateway\\plugins\\health\\index.js","statementMap":{"0":{"start":{"line":1,"column":14},"end":{"line":1,"column":30}},"1":{"start":{"line":3,"column":0},"end":{"line":39,"column":2}},"2":{"start":{"line":7,"column":4},"end":{"line":37,"column":7}},"3":{"start":{"line":16,"column":8},"end":{"line":35,"column":10}},"4":{"start":{"line":17,"column":28},"end":{"line":20,"column":11}},"5":{"start":{"line":22,"column":31},"end":{"line":22,"column":33}},"6":{"start":{"line":24,"column":10},"end":{"line":32,"column":11}},"7":{"start":{"line":25,"column":12},"end":{"line":31,"column":13}},"8":{"start":{"line":27,"column":14},"end":{"line":27,"column":62}},"9":{"start":{"line":28,"column":14},"end":{"line":28,"column":48}},"10":{"start":{"line":30,"column":14},"end":{"line":30,"column":50}},"11":{"start":{"line":34,"column":10},"end":{"line":34,"column":69}}},"fnMap":{"0":{"name":"(anonymous_0)","decl":{"start":{"line":6,"column":8},"end":{"line":6,"column":9}},"loc":{"start":{"line":6,"column":33},"end":{"line":38,"column":3}},"line":6},"1":{"name":"(anonymous_1)","decl":{"start":{"line":15,"column":14},"end":{"line":15,"column":15}},"loc":{"start":{"line":15,"column":32},"end":{"line":36,"column":7}},"line":15},"2":{"name":"(anonymous_2)","decl":{"start":{"line":16,"column":15},"end":{"line":16,"column":16}},"loc":{"start":{"line":16,"column":35},"end":{"line":35,"column":9}},"line":16}},"branchMap":{},"s":{"0":6,"1":6,"2":6,"3":3,"4":3,"5":3,"6":3,"7":6,"8":6,"9":3,"10":3,"11":3},"f":{"0":6,"1":3,"2":3},"b":{},"_coverageSchema":"1a1c01bbd47fc00a2c39e90264f33305004495a9","hash":"6d958ba928dc58734a8f3e8bd2cf74974a81af9a"}
}
