TN:
SF:server.js
FNF:0
FNH:0
DA:1,1
DA:2,1
DA:5,1
DA:7,1
LF:4
LH:4
BRF:0
BRH:0
end_of_record
TN:
SF:plugins\circuit-breaker\index.js
FN:13,(anonymous_0)
FN:19,(anonymous_1)
FN:28,(anonymous_2)
FN:36,(anonymous_3)
FN:39,(anonymous_4)
FN:40,(anonymous_5)
FNF:6
FNH:6
FNDA:2,(anonymous_0)
FNDA:3,(anonymous_1)
FNDA:1,(anonymous_2)
FNDA:1,(anonymous_3)
FNDA:2,(anonymous_4)
FNDA:2,(anonymous_5)
DA:2,1
DA:3,1
DA:6,1
DA:13,1
DA:14,2
DA:19,3
DA:21,2
DA:25,1
DA:28,1
DA:29,1
DA:33,1
DA:37,1
DA:40,2
DA:41,2
DA:43,2
DA:46,1
DA:47,1
DA:50,1
LF:18
LH:18
BRF:0
BRH:0
end_of_record
TN:
SF:plugins\health\index.js
FN:6,(anonymous_0)
FN:15,(anonymous_1)
FN:16,(anonymous_2)
FNF:3
FNH:3
FNDA:6,(anonymous_0)
FNDA:3,(anonymous_1)
FNDA:3,(anonymous_2)
DA:1,6
DA:3,6
DA:7,6
DA:16,3
DA:17,3
DA:22,3
DA:24,3
DA:25,6
DA:27,6
DA:28,3
DA:30,3
DA:34,3
LF:12
LH:12
BRF:0
BRH:0
end_of_record
